{"level":"INFO","message":"[2:02:34.300 PM]: Creating new connection object"}
{"level":"INFO","message":"[2:02:34.310 PM]: Creating Connection[id: ad392f65-a638-489f-a67d-2f8924bb4853] with host: UDB53878.us-east-1.snowflakecomputing.com, account: UDB53878, accessUrl: https://UDB53878.us-east-1.snowflakecomputing.com, user: buster_user, role: undefined, database: dbt, schema: undefined, warehouse: BUSTER_WH, proxy was not configured, password is provided, region: us-east-1, authenticator: SNOWFLAKE, ocsp mode: FAIL_OPEN, os: darwin, os version: 24.5.0"}
{"level":"INFO","message":"[2:02:34.310 PM]: Connection[id: ad392f65-a638-489f-a67d-2f8924bb4853] additional details: passcode in password is provided, passcode is not provided, private key is not provided, application: undefined, client name: snowflake-sdk, client version: 2.1.0, retry timeout: 300, private key path: undefined, private key pass is not provided, client store temporary credential: false, browser response timeout: 120000"}
{"level":"INFO","message":"[2:02:34.311 PM]: Connection[id: ad392f65-a638-489f-a67d-2f8924bb4853] - connection object created successfully."}
{"level":"INFO","message":"[2:02:34.311 PM]: Connection[id: ad392f65-a638-489f-a67d-2f8924bb4853] - connecting. Associated Snowflake domain: GLOBAL"}
{"level":"INFO","message":"[2:02:34.311 PM]: Connection[id: ad392f65-a638-489f-a67d-2f8924bb4853] - authentication successful using: SNOWFLAKE"}
{"level":"INFO","message":"[2:02:34.312 PM]: Trying to initialize Easy Logging"}
{"level":"INFO","message":"[2:02:34.313 PM]: No client config detected."}
{"level":"INFO","message":"[2:02:34.314 PM]: No config file path found. Client config will not be used."}
{"level":"INFO","message":"[2:02:34.314 PM]: Easy Logging is disabled as no config has been found"}
{"level":"INFO","message":"[2:02:34.316 PM]: Connection[id: ad392f65-a638-489f-a67d-2f8924bb4853] - connected successfully after 5.329499999999825 milliseconds"}
{"level":"INFO","message":"[2:07:04.726 PM]: Creating new connection object"}
{"level":"INFO","message":"[2:07:04.735 PM]: Creating Connection[id: 9f721a13-a247-4ac6-8c87-b8058b257417] with host: UDB53878.us-east-1.snowflakecomputing.com, account: UDB53878, accessUrl: https://UDB53878.us-east-1.snowflakecomputing.com, user: buster_user, role: undefined, database: dbt, schema: undefined, warehouse: BUSTER_WH, proxy was not configured, password is provided, region: us-east-1, authenticator: SNOWFLAKE, ocsp mode: FAIL_OPEN, os: darwin, os version: 24.5.0"}
{"level":"INFO","message":"[2:07:04.736 PM]: Connection[id: 9f721a13-a247-4ac6-8c87-b8058b257417] additional details: passcode in password is provided, passcode is not provided, private key is not provided, application: undefined, client name: snowflake-sdk, client version: 2.1.0, retry timeout: 300, private key path: undefined, private key pass is not provided, client store temporary credential: false, browser response timeout: 120000"}
{"level":"INFO","message":"[2:07:04.736 PM]: Connection[id: 9f721a13-a247-4ac6-8c87-b8058b257417] - connection object created successfully."}
{"level":"INFO","message":"[2:07:04.736 PM]: Connection[id: 9f721a13-a247-4ac6-8c87-b8058b257417] - connecting. Associated Snowflake domain: GLOBAL"}
{"level":"INFO","message":"[2:07:04.737 PM]: Connection[id: 9f721a13-a247-4ac6-8c87-b8058b257417] - authentication successful using: SNOWFLAKE"}
{"level":"INFO","message":"[2:07:04.737 PM]: Trying to initialize Easy Logging"}
{"level":"INFO","message":"[2:07:04.739 PM]: No client config detected."}
{"level":"INFO","message":"[2:07:04.739 PM]: No config file path found. Client config will not be used."}
{"level":"INFO","message":"[2:07:04.739 PM]: Easy Logging is disabled as no config has been found"}
{"level":"INFO","message":"[2:07:04.741 PM]: Connection[id: 9f721a13-a247-4ac6-8c87-b8058b257417] - connected successfully after 5.103542000000061 milliseconds"}
{"level":"INFO","message":"[2:12:33.479 PM]: Creating new connection object"}
{"level":"INFO","message":"[2:12:33.489 PM]: Creating Connection[id: a8d14c19-1ff0-4792-825a-54ad710b682a] with host: UDB53878.us-east-1.snowflakecomputing.com, account: UDB53878, accessUrl: https://UDB53878.us-east-1.snowflakecomputing.com, user: buster_user, role: undefined, database: dbt, schema: undefined, warehouse: BUSTER_WH, proxy was not configured, password is provided, region: us-east-1, authenticator: SNOWFLAKE, ocsp mode: FAIL_OPEN, os: darwin, os version: 24.5.0"}
{"level":"INFO","message":"[2:12:33.490 PM]: Connection[id: a8d14c19-1ff0-4792-825a-54ad710b682a] additional details: passcode in password is provided, passcode is not provided, private key is not provided, application: undefined, client name: snowflake-sdk, client version: 2.1.0, retry timeout: 300, private key path: undefined, private key pass is not provided, client store temporary credential: false, browser response timeout: 120000"}
{"level":"INFO","message":"[2:12:33.490 PM]: Connection[id: a8d14c19-1ff0-4792-825a-54ad710b682a] - connection object created successfully."}
{"level":"INFO","message":"[2:12:33.490 PM]: Connection[id: a8d14c19-1ff0-4792-825a-54ad710b682a] - connecting. Associated Snowflake domain: GLOBAL"}
{"level":"INFO","message":"[2:12:33.491 PM]: Connection[id: a8d14c19-1ff0-4792-825a-54ad710b682a] - authentication successful using: SNOWFLAKE"}
{"level":"INFO","message":"[2:12:33.491 PM]: Trying to initialize Easy Logging"}
{"level":"INFO","message":"[2:12:33.495 PM]: No client config detected."}
{"level":"INFO","message":"[2:12:33.496 PM]: No config file path found. Client config will not be used."}
{"level":"INFO","message":"[2:12:33.496 PM]: Easy Logging is disabled as no config has been found"}
{"level":"INFO","message":"[2:12:33.498 PM]: Connection[id: a8d14c19-1ff0-4792-825a-54ad710b682a] - connected successfully after 8.023417000000109 milliseconds"}
